<?xml version="1.0" encoding="UTF-8"?>
<testsuite xmlns:xsi="http://www.w3.org/2001/XMLSchema-instance" xsi:noNamespaceSchemaLocation="https://maven.apache.org/surefire/maven-surefire-plugin/xsd/surefire-test-report.xsd" name="io.mb.oneweb.java.selenium.framework.cucumber.CucumberTest" time="0.214" tests="1" errors="1" skipped="0" failures="0">
  <properties>
    <property name="java.specification.version" value="13"/>
    <property name="sun.jnu.encoding" value="UTF-8"/>
    <property name="java.class.path" value="/Users/vieirped/IntelliJ workspace/vmostestautomationframework/target/test-classes:/Users/vieirped/IntelliJ workspace/vmostestautomationframework/target/classes:/Users/vieirped/.m2/repository/org/springframework/boot/spring-boot-starter/2.1.3.RELEASE/spring-boot-starter-2.1.3.RELEASE.jar:/Users/vieirped/.m2/repository/org/springframework/boot/spring-boot/2.1.3.RELEASE/spring-boot-2.1.3.RELEASE.jar:/Users/vieirped/.m2/repository/org/springframework/spring-context/5.1.5.RELEASE/spring-context-5.1.5.RELEASE.jar:/Users/vieirped/.m2/repository/org/springframework/spring-aop/5.1.5.RELEASE/spring-aop-5.1.5.RELEASE.jar:/Users/vieirped/.m2/repository/org/springframework/spring-beans/5.1.5.RELEASE/spring-beans-5.1.5.RELEASE.jar:/Users/vieirped/.m2/repository/org/springframework/spring-expression/5.1.5.RELEASE/spring-expression-5.1.5.RELEASE.jar:/Users/vieirped/.m2/repository/org/springframework/boot/spring-boot-autoconfigure/2.1.3.RELEASE/spring-boot-autoconfigure-2.1.3.RELEASE.jar:/Users/vieirped/.m2/repository/org/springframework/boot/spring-boot-starter-logging/2.1.3.RELEASE/spring-boot-starter-logging-2.1.3.RELEASE.jar:/Users/vieirped/.m2/repository/ch/qos/logback/logback-classic/1.2.3/logback-classic-1.2.3.jar:/Users/vieirped/.m2/repository/ch/qos/logback/logback-core/1.2.3/logback-core-1.2.3.jar:/Users/vieirped/.m2/repository/org/apache/logging/log4j/log4j-to-slf4j/2.11.2/log4j-to-slf4j-2.11.2.jar:/Users/vieirped/.m2/repository/org/apache/logging/log4j/log4j-api/2.11.2/log4j-api-2.11.2.jar:/Users/vieirped/.m2/repository/org/slf4j/jul-to-slf4j/1.7.25/jul-to-slf4j-1.7.25.jar:/Users/vieirped/.m2/repository/javax/annotation/javax.annotation-api/1.3.2/javax.annotation-api-1.3.2.jar:/Users/vieirped/.m2/repository/org/springframework/spring-core/5.1.5.RELEASE/spring-core-5.1.5.RELEASE.jar:/Users/vieirped/.m2/repository/org/springframework/spring-jcl/5.1.5.RELEASE/spring-jcl-5.1.5.RELEASE.jar:/Users/vieirped/.m2/repository/org/yaml/snakeyaml/1.23/snakeyaml-1.23.jar:/Users/vieirped/.m2/repository/org/springframework/boot/spring-boot-starter-test/2.1.3.RELEASE/spring-boot-starter-test-2.1.3.RELEASE.jar:/Users/vieirped/.m2/repository/org/springframework/boot/spring-boot-test/2.1.3.RELEASE/spring-boot-test-2.1.3.RELEASE.jar:/Users/vieirped/.m2/repository/org/springframework/boot/spring-boot-test-autoconfigure/2.1.3.RELEASE/spring-boot-test-autoconfigure-2.1.3.RELEASE.jar:/Users/vieirped/.m2/repository/com/jayway/jsonpath/json-path/2.4.0/json-path-2.4.0.jar:/Users/vieirped/.m2/repository/net/minidev/json-smart/2.3/json-smart-2.3.jar:/Users/vieirped/.m2/repository/net/minidev/accessors-smart/1.2/accessors-smart-1.2.jar:/Users/vieirped/.m2/repository/org/ow2/asm/asm/5.0.4/asm-5.0.4.jar:/Users/vieirped/.m2/repository/junit/junit/4.12/junit-4.12.jar:/Users/vieirped/.m2/repository/org/mockito/mockito-core/2.23.4/mockito-core-2.23.4.jar:/Users/vieirped/.m2/repository/net/bytebuddy/byte-buddy-agent/1.9.10/byte-buddy-agent-1.9.10.jar:/Users/vieirped/.m2/repository/org/objenesis/objenesis/2.6/objenesis-2.6.jar:/Users/vieirped/.m2/repository/org/hamcrest/hamcrest-core/1.3/hamcrest-core-1.3.jar:/Users/vieirped/.m2/repository/org/hamcrest/hamcrest-library/1.3/hamcrest-library-1.3.jar:/Users/vieirped/.m2/repository/org/skyscreamer/jsonassert/1.5.0/jsonassert-1.5.0.jar:/Users/vieirped/.m2/repository/com/vaadin/external/google/android-json/0.0.20131108.vaadin1/android-json-0.0.20131108.vaadin1.jar:/Users/vieirped/.m2/repository/org/springframework/spring-test/5.1.5.RELEASE/spring-test-5.1.5.RELEASE.jar:/Users/vieirped/.m2/repository/org/xmlunit/xmlunit-core/2.6.2/xmlunit-core-2.6.2.jar:/Users/vieirped/.m2/repository/javax/xml/bind/jaxb-api/2.3.1/jaxb-api-2.3.1.jar:/Users/vieirped/.m2/repository/javax/activation/javax.activation-api/1.2.0/javax.activation-api-1.2.0.jar:/Users/vieirped/.m2/repository/org/seleniumhq/selenium/selenium-java/3.14.0/selenium-java-3.14.0.jar:/Users/vieirped/.m2/repository/org/seleniumhq/selenium/selenium-api/3.14.0/selenium-api-3.14.0.jar:/Users/vieirped/.m2/repository/org/seleniumhq/selenium/selenium-chrome-driver/3.14.0/selenium-chrome-driver-3.14.0.jar:/Users/vieirped/.m2/repository/org/seleniumhq/selenium/selenium-edge-driver/3.14.0/selenium-edge-driver-3.14.0.jar:/Users/vieirped/.m2/repository/org/seleniumhq/selenium/selenium-firefox-driver/3.14.0/selenium-firefox-driver-3.14.0.jar:/Users/vieirped/.m2/repository/org/seleniumhq/selenium/selenium-ie-driver/3.14.0/selenium-ie-driver-3.14.0.jar:/Users/vieirped/.m2/repository/org/seleniumhq/selenium/selenium-opera-driver/3.14.0/selenium-opera-driver-3.14.0.jar:/Users/vieirped/.m2/repository/org/seleniumhq/selenium/selenium-remote-driver/3.14.0/selenium-remote-driver-3.14.0.jar:/Users/vieirped/.m2/repository/org/seleniumhq/selenium/selenium-safari-driver/3.14.0/selenium-safari-driver-3.14.0.jar:/Users/vieirped/.m2/repository/org/seleniumhq/selenium/selenium-support/3.14.0/selenium-support-3.14.0.jar:/Users/vieirped/.m2/repository/net/bytebuddy/byte-buddy/1.9.10/byte-buddy-1.9.10.jar:/Users/vieirped/.m2/repository/org/apache/commons/commons-exec/1.3/commons-exec-1.3.jar:/Users/vieirped/.m2/repository/commons-codec/commons-codec/1.11/commons-codec-1.11.jar:/Users/vieirped/.m2/repository/commons-logging/commons-logging/1.2/commons-logging-1.2.jar:/Users/vieirped/.m2/repository/com/google/guava/guava/25.0-jre/guava-25.0-jre.jar:/Users/vieirped/.m2/repository/com/google/code/findbugs/jsr305/1.3.9/jsr305-1.3.9.jar:/Users/vieirped/.m2/repository/org/checkerframework/checker-compat-qual/2.0.0/checker-compat-qual-2.0.0.jar:/Users/vieirped/.m2/repository/com/google/errorprone/error_prone_annotations/2.1.3/error_prone_annotations-2.1.3.jar:/Users/vieirped/.m2/repository/com/google/j2objc/j2objc-annotations/1.1/j2objc-annotations-1.1.jar:/Users/vieirped/.m2/repository/org/codehaus/mojo/animal-sniffer-annotations/1.14/animal-sniffer-annotations-1.14.jar:/Users/vieirped/.m2/repository/org/apache/httpcomponents/httpclient/4.5.7/httpclient-4.5.7.jar:/Users/vieirped/.m2/repository/org/apache/httpcomponents/httpcore/4.4.11/httpcore-4.4.11.jar:/Users/vieirped/.m2/repository/com/squareup/okhttp3/okhttp/3.10.0/okhttp-3.10.0.jar:/Users/vieirped/.m2/repository/com/squareup/okio/okio/1.14.1/okio-1.14.1.jar:/Users/vieirped/.m2/repository/org/assertj/assertj-core/3.12.1/assertj-core-3.12.1.jar:/Users/vieirped/.m2/repository/io/rest-assured/rest-assured/4.0.0/rest-assured-4.0.0.jar:/Users/vieirped/.m2/repository/org/codehaus/groovy/groovy/2.5.6/groovy-2.5.6.jar:/Users/vieirped/.m2/repository/org/codehaus/groovy/groovy-xml/2.5.6/groovy-xml-2.5.6.jar:/Users/vieirped/.m2/repository/org/apache/httpcomponents/httpmime/4.5.7/httpmime-4.5.7.jar:/Users/vieirped/.m2/repository/org/ccil/cowan/tagsoup/tagsoup/1.2.1/tagsoup-1.2.1.jar:/Users/vieirped/.m2/repository/io/rest-assured/xml-path/4.0.0/xml-path-4.0.0.jar:/Users/vieirped/.m2/repository/org/apache/commons/commons-lang3/3.8.1/commons-lang3-3.8.1.jar:/Users/vieirped/.m2/repository/com/sun/xml/bind/jaxb-osgi/2.2.10/jaxb-osgi-2.2.10.jar:/Users/vieirped/.m2/repository/org/apache/sling/org.apache.sling.javax.activation/0.1.0/org.apache.sling.javax.activation-0.1.0.jar:/Users/vieirped/.m2/repository/javax/activation/activation/1.1.1/activation-1.1.1.jar:/Users/vieirped/.m2/repository/io/rest-assured/json-path/4.0.0/json-path-4.0.0.jar:/Users/vieirped/.m2/repository/org/codehaus/groovy/groovy-json/2.5.6/groovy-json-2.5.6.jar:/Users/vieirped/.m2/repository/io/rest-assured/rest-assured-common/4.0.0/rest-assured-common-4.0.0.jar:/Users/vieirped/.m2/repository/org/hamcrest/hamcrest/2.1/hamcrest-2.1.jar:/Users/vieirped/.m2/repository/com/galenframework/galen-java-support/2.4.4/galen-java-support-2.4.4.jar:/Users/vieirped/.m2/repository/com/galenframework/galen-rainbow4j/2.4.4/galen-rainbow4j-2.4.4.jar:/Users/vieirped/.m2/repository/com/galenframework/galen-core/2.4.4/galen-core-2.4.4.jar:/Users/vieirped/.m2/repository/org/slf4j/slf4j-simple/1.7.25/slf4j-simple-1.7.25.jar:/Users/vieirped/.m2/repository/commons-io/commons-io/2.6/commons-io-2.6.jar:/Users/vieirped/.m2/repository/com/google/code/gson/gson/2.8.5/gson-2.8.5.jar:/Users/vieirped/.m2/repository/commons-cli/commons-cli/1.4/commons-cli-1.4.jar:/Users/vieirped/.m2/repository/org/freemarker/freemarker/2.3.28/freemarker-2.3.28.jar:/Users/vieirped/.m2/repository/org/mozilla/rhino/1.7.7.2/rhino-1.7.7.2.jar:/Users/vieirped/.m2/repository/com/fasterxml/jackson/core/jackson-core/2.9.8/jackson-core-2.9.8.jar:/Users/vieirped/.m2/repository/com/fasterxml/jackson/core/jackson-databind/2.9.8/jackson-databind-2.9.8.jar:/Users/vieirped/.m2/repository/com/fasterxml/jackson/core/jackson-annotations/2.9.0/jackson-annotations-2.9.0.jar:/Users/vieirped/.m2/repository/com/codeborne/phantomjsdriver/1.2.1/phantomjsdriver-1.2.1.jar:/Users/vieirped/.m2/repository/org/slf4j/slf4j-api/1.7.25/slf4j-api-1.7.25.jar:/Users/vieirped/.m2/repository/info/cukes/cucumber-java/1.2.5/cucumber-java-1.2.5.jar:/Users/vieirped/.m2/repository/info/cukes/cucumber-core/1.2.5/cucumber-core-1.2.5.jar:/Users/vieirped/.m2/repository/info/cukes/cucumber-html/0.2.3/cucumber-html-0.2.3.jar:/Users/vieirped/.m2/repository/info/cukes/cucumber-jvm-deps/1.0.5/cucumber-jvm-deps-1.0.5.jar:/Users/vieirped/.m2/repository/info/cukes/gherkin/2.12.2/gherkin-2.12.2.jar:/Users/vieirped/.m2/repository/info/cukes/cucumber-junit/1.2.5/cucumber-junit-1.2.5.jar:/Users/vieirped/.m2/repository/info/cukes/cucumber-spring/1.2.5/cucumber-spring-1.2.5.jar:"/>
    <property name="java.vm.vendor" value="Oracle Corporation"/>
    <property name="sun.arch.data.model" value="64"/>
    <property name="java.vendor.url" value="https://java.oracle.com/"/>
    <property name="os.name" value="Mac OS X"/>
    <property name="java.vm.specification.version" value="13"/>
    <property name="sun.java.launcher" value="SUN_STANDARD"/>
    <property name="user.country" value="PT"/>
    <property name="sun.boot.library.path" value="/Library/Java/JavaVirtualMachines/jdk-13.0.1.jdk/Contents/Home/lib"/>
    <property name="grid.browser" value="chrome"/>
    <property name="sun.java.command" value="/Users/vieirped/IntelliJ workspace/vmostestautomationframework/target/surefire/surefirebooter12813381636096647869.jar /Users/vieirped/IntelliJ workspace/vmostestautomationframework/target/surefire 2019-11-20T11-53-07_181-jvmRun1 surefire7798587621700858411tmp surefire_03438357819962859506tmp"/>
    <property name="jdk.debug" value="release"/>
    <property name="surefire.test.class.path" value="/Users/vieirped/IntelliJ workspace/vmostestautomationframework/target/test-classes:/Users/vieirped/IntelliJ workspace/vmostestautomationframework/target/classes:/Users/vieirped/.m2/repository/org/springframework/boot/spring-boot-starter/2.1.3.RELEASE/spring-boot-starter-2.1.3.RELEASE.jar:/Users/vieirped/.m2/repository/org/springframework/boot/spring-boot/2.1.3.RELEASE/spring-boot-2.1.3.RELEASE.jar:/Users/vieirped/.m2/repository/org/springframework/spring-context/5.1.5.RELEASE/spring-context-5.1.5.RELEASE.jar:/Users/vieirped/.m2/repository/org/springframework/spring-aop/5.1.5.RELEASE/spring-aop-5.1.5.RELEASE.jar:/Users/vieirped/.m2/repository/org/springframework/spring-beans/5.1.5.RELEASE/spring-beans-5.1.5.RELEASE.jar:/Users/vieirped/.m2/repository/org/springframework/spring-expression/5.1.5.RELEASE/spring-expression-5.1.5.RELEASE.jar:/Users/vieirped/.m2/repository/org/springframework/boot/spring-boot-autoconfigure/2.1.3.RELEASE/spring-boot-autoconfigure-2.1.3.RELEASE.jar:/Users/vieirped/.m2/repository/org/springframework/boot/spring-boot-starter-logging/2.1.3.RELEASE/spring-boot-starter-logging-2.1.3.RELEASE.jar:/Users/vieirped/.m2/repository/ch/qos/logback/logback-classic/1.2.3/logback-classic-1.2.3.jar:/Users/vieirped/.m2/repository/ch/qos/logback/logback-core/1.2.3/logback-core-1.2.3.jar:/Users/vieirped/.m2/repository/org/apache/logging/log4j/log4j-to-slf4j/2.11.2/log4j-to-slf4j-2.11.2.jar:/Users/vieirped/.m2/repository/org/apache/logging/log4j/log4j-api/2.11.2/log4j-api-2.11.2.jar:/Users/vieirped/.m2/repository/org/slf4j/jul-to-slf4j/1.7.25/jul-to-slf4j-1.7.25.jar:/Users/vieirped/.m2/repository/javax/annotation/javax.annotation-api/1.3.2/javax.annotation-api-1.3.2.jar:/Users/vieirped/.m2/repository/org/springframework/spring-core/5.1.5.RELEASE/spring-core-5.1.5.RELEASE.jar:/Users/vieirped/.m2/repository/org/springframework/spring-jcl/5.1.5.RELEASE/spring-jcl-5.1.5.RELEASE.jar:/Users/vieirped/.m2/repository/org/yaml/snakeyaml/1.23/snakeyaml-1.23.jar:/Users/vieirped/.m2/repository/org/springframework/boot/spring-boot-starter-test/2.1.3.RELEASE/spring-boot-starter-test-2.1.3.RELEASE.jar:/Users/vieirped/.m2/repository/org/springframework/boot/spring-boot-test/2.1.3.RELEASE/spring-boot-test-2.1.3.RELEASE.jar:/Users/vieirped/.m2/repository/org/springframework/boot/spring-boot-test-autoconfigure/2.1.3.RELEASE/spring-boot-test-autoconfigure-2.1.3.RELEASE.jar:/Users/vieirped/.m2/repository/com/jayway/jsonpath/json-path/2.4.0/json-path-2.4.0.jar:/Users/vieirped/.m2/repository/net/minidev/json-smart/2.3/json-smart-2.3.jar:/Users/vieirped/.m2/repository/net/minidev/accessors-smart/1.2/accessors-smart-1.2.jar:/Users/vieirped/.m2/repository/org/ow2/asm/asm/5.0.4/asm-5.0.4.jar:/Users/vieirped/.m2/repository/junit/junit/4.12/junit-4.12.jar:/Users/vieirped/.m2/repository/org/mockito/mockito-core/2.23.4/mockito-core-2.23.4.jar:/Users/vieirped/.m2/repository/net/bytebuddy/byte-buddy-agent/1.9.10/byte-buddy-agent-1.9.10.jar:/Users/vieirped/.m2/repository/org/objenesis/objenesis/2.6/objenesis-2.6.jar:/Users/vieirped/.m2/repository/org/hamcrest/hamcrest-core/1.3/hamcrest-core-1.3.jar:/Users/vieirped/.m2/repository/org/hamcrest/hamcrest-library/1.3/hamcrest-library-1.3.jar:/Users/vieirped/.m2/repository/org/skyscreamer/jsonassert/1.5.0/jsonassert-1.5.0.jar:/Users/vieirped/.m2/repository/com/vaadin/external/google/android-json/0.0.20131108.vaadin1/android-json-0.0.20131108.vaadin1.jar:/Users/vieirped/.m2/repository/org/springframework/spring-test/5.1.5.RELEASE/spring-test-5.1.5.RELEASE.jar:/Users/vieirped/.m2/repository/org/xmlunit/xmlunit-core/2.6.2/xmlunit-core-2.6.2.jar:/Users/vieirped/.m2/repository/javax/xml/bind/jaxb-api/2.3.1/jaxb-api-2.3.1.jar:/Users/vieirped/.m2/repository/javax/activation/javax.activation-api/1.2.0/javax.activation-api-1.2.0.jar:/Users/vieirped/.m2/repository/org/seleniumhq/selenium/selenium-java/3.14.0/selenium-java-3.14.0.jar:/Users/vieirped/.m2/repository/org/seleniumhq/selenium/selenium-api/3.14.0/selenium-api-3.14.0.jar:/Users/vieirped/.m2/repository/org/seleniumhq/selenium/selenium-chrome-driver/3.14.0/selenium-chrome-driver-3.14.0.jar:/Users/vieirped/.m2/repository/org/seleniumhq/selenium/selenium-edge-driver/3.14.0/selenium-edge-driver-3.14.0.jar:/Users/vieirped/.m2/repository/org/seleniumhq/selenium/selenium-firefox-driver/3.14.0/selenium-firefox-driver-3.14.0.jar:/Users/vieirped/.m2/repository/org/seleniumhq/selenium/selenium-ie-driver/3.14.0/selenium-ie-driver-3.14.0.jar:/Users/vieirped/.m2/repository/org/seleniumhq/selenium/selenium-opera-driver/3.14.0/selenium-opera-driver-3.14.0.jar:/Users/vieirped/.m2/repository/org/seleniumhq/selenium/selenium-remote-driver/3.14.0/selenium-remote-driver-3.14.0.jar:/Users/vieirped/.m2/repository/org/seleniumhq/selenium/selenium-safari-driver/3.14.0/selenium-safari-driver-3.14.0.jar:/Users/vieirped/.m2/repository/org/seleniumhq/selenium/selenium-support/3.14.0/selenium-support-3.14.0.jar:/Users/vieirped/.m2/repository/net/bytebuddy/byte-buddy/1.9.10/byte-buddy-1.9.10.jar:/Users/vieirped/.m2/repository/org/apache/commons/commons-exec/1.3/commons-exec-1.3.jar:/Users/vieirped/.m2/repository/commons-codec/commons-codec/1.11/commons-codec-1.11.jar:/Users/vieirped/.m2/repository/commons-logging/commons-logging/1.2/commons-logging-1.2.jar:/Users/vieirped/.m2/repository/com/google/guava/guava/25.0-jre/guava-25.0-jre.jar:/Users/vieirped/.m2/repository/com/google/code/findbugs/jsr305/1.3.9/jsr305-1.3.9.jar:/Users/vieirped/.m2/repository/org/checkerframework/checker-compat-qual/2.0.0/checker-compat-qual-2.0.0.jar:/Users/vieirped/.m2/repository/com/google/errorprone/error_prone_annotations/2.1.3/error_prone_annotations-2.1.3.jar:/Users/vieirped/.m2/repository/com/google/j2objc/j2objc-annotations/1.1/j2objc-annotations-1.1.jar:/Users/vieirped/.m2/repository/org/codehaus/mojo/animal-sniffer-annotations/1.14/animal-sniffer-annotations-1.14.jar:/Users/vieirped/.m2/repository/org/apache/httpcomponents/httpclient/4.5.7/httpclient-4.5.7.jar:/Users/vieirped/.m2/repository/org/apache/httpcomponents/httpcore/4.4.11/httpcore-4.4.11.jar:/Users/vieirped/.m2/repository/com/squareup/okhttp3/okhttp/3.10.0/okhttp-3.10.0.jar:/Users/vieirped/.m2/repository/com/squareup/okio/okio/1.14.1/okio-1.14.1.jar:/Users/vieirped/.m2/repository/org/assertj/assertj-core/3.12.1/assertj-core-3.12.1.jar:/Users/vieirped/.m2/repository/io/rest-assured/rest-assured/4.0.0/rest-assured-4.0.0.jar:/Users/vieirped/.m2/repository/org/codehaus/groovy/groovy/2.5.6/groovy-2.5.6.jar:/Users/vieirped/.m2/repository/org/codehaus/groovy/groovy-xml/2.5.6/groovy-xml-2.5.6.jar:/Users/vieirped/.m2/repository/org/apache/httpcomponents/httpmime/4.5.7/httpmime-4.5.7.jar:/Users/vieirped/.m2/repository/org/ccil/cowan/tagsoup/tagsoup/1.2.1/tagsoup-1.2.1.jar:/Users/vieirped/.m2/repository/io/rest-assured/xml-path/4.0.0/xml-path-4.0.0.jar:/Users/vieirped/.m2/repository/org/apache/commons/commons-lang3/3.8.1/commons-lang3-3.8.1.jar:/Users/vieirped/.m2/repository/com/sun/xml/bind/jaxb-osgi/2.2.10/jaxb-osgi-2.2.10.jar:/Users/vieirped/.m2/repository/org/apache/sling/org.apache.sling.javax.activation/0.1.0/org.apache.sling.javax.activation-0.1.0.jar:/Users/vieirped/.m2/repository/javax/activation/activation/1.1.1/activation-1.1.1.jar:/Users/vieirped/.m2/repository/io/rest-assured/json-path/4.0.0/json-path-4.0.0.jar:/Users/vieirped/.m2/repository/org/codehaus/groovy/groovy-json/2.5.6/groovy-json-2.5.6.jar:/Users/vieirped/.m2/repository/io/rest-assured/rest-assured-common/4.0.0/rest-assured-common-4.0.0.jar:/Users/vieirped/.m2/repository/org/hamcrest/hamcrest/2.1/hamcrest-2.1.jar:/Users/vieirped/.m2/repository/com/galenframework/galen-java-support/2.4.4/galen-java-support-2.4.4.jar:/Users/vieirped/.m2/repository/com/galenframework/galen-rainbow4j/2.4.4/galen-rainbow4j-2.4.4.jar:/Users/vieirped/.m2/repository/com/galenframework/galen-core/2.4.4/galen-core-2.4.4.jar:/Users/vieirped/.m2/repository/org/slf4j/slf4j-simple/1.7.25/slf4j-simple-1.7.25.jar:/Users/vieirped/.m2/repository/commons-io/commons-io/2.6/commons-io-2.6.jar:/Users/vieirped/.m2/repository/com/google/code/gson/gson/2.8.5/gson-2.8.5.jar:/Users/vieirped/.m2/repository/commons-cli/commons-cli/1.4/commons-cli-1.4.jar:/Users/vieirped/.m2/repository/org/freemarker/freemarker/2.3.28/freemarker-2.3.28.jar:/Users/vieirped/.m2/repository/org/mozilla/rhino/1.7.7.2/rhino-1.7.7.2.jar:/Users/vieirped/.m2/repository/com/fasterxml/jackson/core/jackson-core/2.9.8/jackson-core-2.9.8.jar:/Users/vieirped/.m2/repository/com/fasterxml/jackson/core/jackson-databind/2.9.8/jackson-databind-2.9.8.jar:/Users/vieirped/.m2/repository/com/fasterxml/jackson/core/jackson-annotations/2.9.0/jackson-annotations-2.9.0.jar:/Users/vieirped/.m2/repository/com/codeborne/phantomjsdriver/1.2.1/phantomjsdriver-1.2.1.jar:/Users/vieirped/.m2/repository/org/slf4j/slf4j-api/1.7.25/slf4j-api-1.7.25.jar:/Users/vieirped/.m2/repository/info/cukes/cucumber-java/1.2.5/cucumber-java-1.2.5.jar:/Users/vieirped/.m2/repository/info/cukes/cucumber-core/1.2.5/cucumber-core-1.2.5.jar:/Users/vieirped/.m2/repository/info/cukes/cucumber-html/0.2.3/cucumber-html-0.2.3.jar:/Users/vieirped/.m2/repository/info/cukes/cucumber-jvm-deps/1.0.5/cucumber-jvm-deps-1.0.5.jar:/Users/vieirped/.m2/repository/info/cukes/gherkin/2.12.2/gherkin-2.12.2.jar:/Users/vieirped/.m2/repository/info/cukes/cucumber-junit/1.2.5/cucumber-junit-1.2.5.jar:/Users/vieirped/.m2/repository/info/cukes/cucumber-spring/1.2.5/cucumber-spring-1.2.5.jar:"/>
    <property name="sun.cpu.endian" value="little"/>
    <property name="user.home" value="/Users/vieirped"/>
    <property name="user.language" value="en"/>
    <property name="java.specification.vendor" value="Oracle Corporation"/>
    <property name="java.version.date" value="2019-10-15"/>
    <property name="java.home" value="/Library/Java/JavaVirtualMachines/jdk-13.0.1.jdk/Contents/Home"/>
    <property name="file.separator" value="/"/>
    <property name="basedir" value="/Users/vieirped/IntelliJ workspace/vmostestautomationframework"/>
    <property name="java.vm.compressedOopsMode" value="Zero based"/>
    <property name="line.separator" value="&#10;"/>
    <property name="java.vm.specification.vendor" value="Oracle Corporation"/>
    <property name="java.specification.name" value="Java Platform API Specification"/>
    <property name="grid.viewport" value="DESKTOP"/>
    <property name="surefire.real.class.path" value="/Users/vieirped/IntelliJ workspace/vmostestautomationframework/target/surefire/surefirebooter12813381636096647869.jar"/>
    <property name="sun.management.compiler" value="HotSpot 64-Bit Tiered Compilers"/>
    <property name="java.runtime.version" value="13.0.1+9"/>
    <property name="user.name" value="vieirped"/>
    <property name="path.separator" value=":"/>
    <property name="os.version" value="10.15.1"/>
    <property name="java.runtime.name" value="Java(TM) SE Runtime Environment"/>
    <property name="file.encoding" value="UTF-8"/>
    <property name="test.folder" value="cucumber"/>
    <property name="java.vm.name" value="Java HotSpot(TM) 64-Bit Server VM"/>
    <property name="localRepository" value="/Users/vieirped/.m2/repository"/>
    <property name="java.vendor.url.bug" value="https://bugreport.java.com/bugreport/"/>
    <property name="java.io.tmpdir" value="/var/folders/_2/hc8zf80x3yq4djtqy34xzg080000gn/T/"/>
    <property name="java.version" value="13.0.1"/>
    <property name="user.dir" value="/Users/vieirped/IntelliJ workspace/vmostestautomationframework"/>
    <property name="os.arch" value="x86_64"/>
    <property name="java.vm.specification.name" value="Java Virtual Machine Specification"/>
    <property name="java.library.path" value="/Users/vieirped/Library/Java/Extensions:/Library/Java/Extensions:/Network/Library/Java/Extensions:/System/Library/Java/Extensions:/usr/lib/java:."/>
    <property name="java.vm.info" value="mixed mode, sharing"/>
    <property name="java.vendor" value="Oracle Corporation"/>
    <property name="java.vm.version" value="13.0.1+9"/>
    <property name="sun.io.unicode.encoding" value="UnicodeBig"/>
    <property name="java.class.version" value="57.0"/>
  </properties>
  <testcase name="initializationError" classname="io.mb.oneweb.java.selenium.framework.cucumber.CucumberTest" time="0.004">
    <error message="org/springframework/transaction/TransactionDefinition" type="java.lang.NoClassDefFoundError">java.lang.NoClassDefFoundError: org/springframework/transaction/TransactionDefinition
Caused by: java.lang.ClassNotFoundException: org.springframework.transaction.TransactionDefinition
</error>
  </testcase>
</testsuite>